
Showing logs for build [32mcb-kubecd-environment-pr-177-14-j8tx4-1[0m stage [32mfrom-build-pack[0m and container [32mstep-credential-initializer-d4rl6[0m
{"level":"warn","ts":1583570200.4169688,"logger":"fallback-logger","caller":"logging/config.go:69","msg":"Fetch GitHub commit ID from kodata failed: \"ref: refs/heads/0.8.0-**-support-backwards-incompats\" is not a valid GitHub commit ID"}
{"level":"info","ts":1583570200.4176674,"logger":"fallback-logger","caller":"creds-init/main.go:40","msg":"Credentials initialized."}

Showing logs for build [32mcb-kubecd-environment-pr-177-14-j8tx4-1[0m stage [32mfrom-build-pack[0m and container [32mstep-working-dir-initializer-zsr2l[0m
{"level":"warn","ts":1583570201.8065646,"logger":"fallback-logger","caller":"logging/config.go:69","msg":"Fetch GitHub commit ID from kodata failed: open /var/run/ko/HEAD: no such file or directory"}
{"level":"info","ts":1583570201.8084834,"logger":"fallback-logger","caller":"bash/main.go:64","msg":"Successfully executed command \"sh -c mkdir -p /workspace/source\"; output "}

Showing logs for build [32mcb-kubecd-environment-pr-177-14-j8tx4-1[0m stage [32mfrom-build-pack[0m and container [32mstep-place-tools[0m

Showing logs for build [32mcb-kubecd-environment-pr-177-14-j8tx4-1[0m stage [32mfrom-build-pack[0m and container [32mstep-git-source-cb-kubecd-environment-pr-177-14-j8tx4-m8r9t[0m
{"level":"warn","ts":1583570233.1301517,"logger":"fallback-logger","caller":"logging/config.go:69","msg":"Fetch GitHub commit ID from kodata failed: \"ref: refs/heads/0.8.0-**-support-backwards-incompats\" is not a valid GitHub commit ID"}
{"level":"info","ts":1583570234.3826547,"logger":"fallback-logger","caller":"git/git.go:103","msg":"Successfully cloned https://github.com/cb-kubecd/environment-pr-177-14-boot-vault-gke-staging.git @ master in path /workspace/source"}

Showing logs for build [32mcb-kubecd-environment-pr-177-14-j8tx4-1[0m stage [32mfrom-build-pack[0m and container [32mstep-git-merge[0m
Using SHAs from PULL_REFS=master:c9f5c190e8a09d16e73dbc0c2d0411ad39c8ea77,1:af51fc6e5733255157241a6b9815f164d02b5f33
DEBUG: LC_ALL=C JX_LOG_LEVEL=error git fetch origin --unshallow af51fc6e5733255157241a6b9815f164d02b5f33: c9f5c190e8a09d16e73dbc0c2d0411ad39c8ea77:
DEBUG: ran git fetch --unshallow origin af51fc6e5733255157241a6b9815f164d02b5f33: c9f5c190e8a09d16e73dbc0c2d0411ad39c8ea77: in 
DEBUG: JX_LOG_LEVEL=error LC_ALL=C git branch
DEBUG: LC_ALL=C JX_LOG_LEVEL=error git checkout master
DEBUG: ran git checkout master in 
DEBUG: LC_ALL=C JX_LOG_LEVEL=error git reset --hard c9f5c190e8a09d16e73dbc0c2d0411ad39c8ea77
DEBUG: ran git reset --hard c9f5c190e8a09d16e73dbc0c2d0411ad39c8ea77 in 
DEBUG: JX_LOG_LEVEL=error LC_ALL=C git clean -fd .
DEBUG: ran clean --force -d . in 
DEBUG: LC_ALL=C JX_LOG_LEVEL=error git merge af51fc6e5733255157241a6b9815f164d02b5f33
DEBUG: ran git merge af51fc6e5733255157241a6b9815f164d02b5f33 in 
DEBUG: LC_ALL=C JX_LOG_LEVEL=error git log --format=%H%x1f%an%x1f%ae%x1f%cn%x1f%ce%x1f%s%n%b%x1e c9f5c190e8a09d16e73dbc0c2d0411ad39c8ea77..HEAD
Merged SHA af51fc6e5733255157241a6b9815f164d02b5f33 with commit message 'chore: Promote bdd-spring-1583569824 to version 0.0.1' into base branch master

Showing logs for build [32mcb-kubecd-environment-pr-177-14-j8tx4-1[0m stage [32mfrom-build-pack[0m and container [32mstep-build-helm-build[0m
WARNING: No $CHART_REPOSITORY defined so using the default value of: http://jenkins-x-chartmuseum:8080
Adding missing Helm repo: storage.googleapis.com https://storage.googleapis.com/chartmuseum.jenkins-x.io
WARNING: No secrets found on "helm/repos" due: reading the secret "helm/repos" from vault: no secret "helm/repos" not found in vault
Read credentials for https://storage.googleapis.com/chartmuseum.jenkins-x.io from vault helm/repos
Successfully added Helm repository storage.googleapis.com.
Adding missing Helm repo: jenkins-x-chartmuseum http://jenkins-x-chartmuseum:8080
WARNING: No secrets found on "helm/repos" due: reading the secret "helm/repos" from vault: no secret "helm/repos" not found in vault
Read credentials for http://jenkins-x-chartmuseum:8080 from vault helm/repos
Successfully added Helm repository jenkins-x-chartmuseum.
WARNING: No $CHART_REPOSITORY defined so using the default value of: http://jenkins-x-chartmuseum:8080
Adding missing Helm repo: chartmuseum.jenkins-x.io http://chartmuseum.jenkins-x.io
WARNING: No secrets found on "helm/repos" due: reading the secret "helm/repos" from vault: no secret "helm/repos" not found in vault
Read credentials for http://chartmuseum.jenkins-x.io from vault helm/repos
Successfully added Helm repository chartmuseum.jenkins-x.io.
